This is pdfTeX, Version 3.141592653-2.6-1.40.25 (TeX Live 2023) (preloaded format=pdflatex 2023.5.30)  29 AUG 2023 20:41
entering extended mode
 restricted \write18 enabled.
 %&-line parsing enabled.
**about.tex
(./about.tex
LaTeX2e <2022-11-01> patch level 1
L3 programming layer <2023-02-22>
! Undefined control sequence.
l.11 \chapter
             *{ì´ ì±…ì— ëŒ€í•˜ì—¬ \\ (... ê·¸ë¦¬ê³  ì €ìì— ëŒ€í•˜ì—¬)}
The control sequence at the end of the top line
of your error message was never \def'ed. If you have
misspelled it (e.g., `\hobx'), type `I' and the correct
spelling (e.g., `I\hbox'). Otherwise just continue,
and I'll forget about whatever was undefined.


! LaTeX Error: Missing \begin{document}.

See the LaTeX manual or LaTeX Companion for explanation.
Type  H <return>  for immediate help.
 ...                                              
                                                  
l.11 \chapter*
              {ì´ ì±…ì— ëŒ€í•˜ì—¬ \\ (... ê·¸ë¦¬ê³  ì €ìì— ëŒ€í•˜ì—¬)}
You're in trouble here.  Try typing  <return>  to proceed.
If that doesn't work, type  X <return>  to quit.

Missing character: There is no * in font nullfont!

! LaTeX Error: Unicode character ì´ (U+C774)
               not set up for use with LaTeX.

See the LaTeX manual or LaTeX Companion for explanation.
Type  H <return>  for immediate help.
 ...                                              
                                                  
l.11 \chapter*{ì´
                   ì±…ì— ëŒ€í•˜ì—¬ \\ (... ê·¸ë¦¬ê³  ì €ìì— ëŒ€í•˜ì—¬)}
You may provide a definition with
\DeclareUnicodeCharacter 


! LaTeX Error: Unicode character ì±… (U+CC45)
               not set up for use with LaTeX.

See the LaTeX manual or LaTeX Companion for explanation.
Type  H <return>  for immediate help.
 ...                                              
                                                  
l.11 \chapter*{ì´ ì±…
                      ì— ëŒ€í•˜ì—¬ \\ (... ê·¸ë¦¬ê³  ì €ìì— ëŒ€í•˜ì—¬)}
You may provide a definition with
\DeclareUnicodeCharacter 


! LaTeX Error: Unicode character ì— (U+C5D0)
               not set up for use with LaTeX.

See the LaTeX manual or LaTeX Companion for explanation.
Type  H <return>  for immediate help.
 ...                                              
                                                  
l.11 \chapter*{ì´ ì±…ì—
                          ëŒ€í•˜ì—¬ \\ (... ê·¸ë¦¬ê³  ì €ìì— ëŒ€í•˜ì—¬)}
You may provide a definition with
\DeclareUnicodeCharacter 


! LaTeX Error: Unicode character ëŒ€ (U+B300)
               not set up for use with LaTeX.

See the LaTeX manual or LaTeX Companion for explanation.
Type  H <return>  for immediate help.
 ...                                              
                                                  
l.11 \chapter*{ì´ ì±…ì— ëŒ€
                             í•˜ì—¬ \\ (... ê·¸ë¦¬ê³  ì €ìì— ëŒ€í•˜ì—¬)}
You may provide a definition with
\DeclareUnicodeCharacter 


! LaTeX Error: Unicode character í•˜ (U+D558)
               not set up for use with LaTeX.

See the LaTeX manual or LaTeX Companion for explanation.
Type  H <return>  for immediate help.
 ...                                              
                                                  
l.11 \chapter*{ì´ ì±…ì— ëŒ€í•˜
                                ì—¬ \\ (... ê·¸ë¦¬ê³  ì €ìì— ëŒ€í•˜ì—¬)}
You may provide a definition with
\DeclareUnicodeCharacter 


! LaTeX Error: Unicode character ì—¬ (U+C5EC)
               not set up for use with LaTeX.

See the LaTeX manual or LaTeX Companion for explanation.
Type  H <return>  for immediate help.
 ...                                              
                                                  
l.11 \chapter*{ì´ ì±…ì— ëŒ€í•˜ì—¬
                                    \\ (... ê·¸ë¦¬ê³  ì €ìì— ëŒ€í•˜ì—¬)}
You may provide a definition with
\DeclareUnicodeCharacter 

Missing character: There is no ( in font nullfont!
Missing character: There is no . in font nullfont!
Missing character: There is no . in font nullfont!
Missing character: There is no . in font nullfont!

! LaTeX Error: Unicode character ê·¸ (U+ADF8)
               not set up for use with LaTeX.

See the LaTeX manual or LaTeX Companion for explanation.
Type  H <return>  for immediate help.
 ...                                              
                                                  
l.11 \chapter*{ì´ ì±…ì— ëŒ€í•˜ì—¬ \\ (... ê·¸
                                               ë¦¬ê³  ì €ìì— ëŒ€í•˜ì—¬)}
You may provide a definition with
\DeclareUnicodeCharacter 


! LaTeX Error: Unicode character ë¦¬ (U+B9AC)
               not set up for use with LaTeX.

See the LaTeX manual or LaTeX Companion for explanation.
Type  H <return>  for immediate help.
 ...                                              
                                                  
l.11 \chapter*{ì´ ì±…ì— ëŒ€í•˜ì—¬ \\ (... ê·¸ë¦¬
                                                  ê³  ì €ìì— ëŒ€í•˜ì—¬)}
You may provide a definition with
\DeclareUnicodeCharacter 


! LaTeX Error: Unicode character ê³  (U+ACE0)
               not set up for use with LaTeX.

See the LaTeX manual or LaTeX Companion for explanation.
Type  H <return>  for immediate help.
 ...                                              
                                                  
l.11 ...er*{ì´ ì±…ì— ëŒ€í•˜ì—¬ \\ (... ê·¸ë¦¬ê³ 
                                                   ì €ìì— ëŒ€í•˜ì—¬)}
You may provide a definition with
\DeclareUnicodeCharacter 


! LaTeX Error: Unicode character ì € (U+C800)
               not set up for use with LaTeX.

See the LaTeX manual or LaTeX Companion for explanation.
Type  H <return>  for immediate help.
 ...                                              
                                                  
l.11 ...ì´ ì±…ì— ëŒ€í•˜ì—¬ \\ (... ê·¸ë¦¬ê³  ì €
                                                  ìì— ëŒ€í•˜ì—¬)}
You may provide a definition with
\DeclareUnicodeCharacter 


! LaTeX Error: Unicode character ì (U+C790)
               not set up for use with LaTeX.

See the LaTeX manual or LaTeX Companion for explanation.
Type  H <return>  for immediate help.
 ...                                              
                                                  
l.11 ... ì±…ì— ëŒ€í•˜ì—¬ \\ (... ê·¸ë¦¬ê³  ì €ì
                                                  ì— ëŒ€í•˜ì—¬)}
You may provide a definition with
\DeclareUnicodeCharacter 


! LaTeX Error: Unicode character ì— (U+C5D0)
               not set up for use with LaTeX.

See the LaTeX manual or LaTeX Companion for explanation.
Type  H <return>  for immediate help.
 ...                                              
                                                  
l.11 ...…ì— ëŒ€í•˜ì—¬ \\ (... ê·¸ë¦¬ê³  ì €ìì—
                                                   ëŒ€í•˜ì—¬)}
You may provide a definition with
\DeclareUnicodeCharacter 


! LaTeX Error: Unicode character ëŒ€ (U+B300)
               not set up for use with LaTeX.

See the LaTeX manual or LaTeX Companion for explanation.
Type  H <return>  for immediate help.
 ...                                              
                                                  
l.11 ... ëŒ€í•˜ì—¬ \\ (... ê·¸ë¦¬ê³  ì €ìì— ëŒ€
                                                  í•˜ì—¬)}
You may provide a definition with
\DeclareUnicodeCharacter 


! LaTeX Error: Unicode character í•˜ (U+D558)
               not set up for use with LaTeX.

See the LaTeX manual or LaTeX Companion for explanation.
Type  H <return>  for immediate help.
 ...                                              
                                                  
l.11 ...€í•˜ì—¬ \\ (... ê·¸ë¦¬ê³  ì €ìì— ëŒ€í•˜
                                                  ì—¬)}
You may provide a definition with
\DeclareUnicodeCharacter 


! LaTeX Error: Unicode character ì—¬ (U+C5EC)
               not set up for use with LaTeX.

See the LaTeX manual or LaTeX Companion for explanation.
Type  H <return>  for immediate help.
 ...                                              
                                                  
l.11 ...˜ì—¬ \\ (... ê·¸ë¦¬ê³  ì €ìì— ëŒ€í•˜ì—¬
                                                  )}
You may provide a definition with
\DeclareUnicodeCharacter 

Missing character: There is no ) in font nullfont!
! Undefined control sequence.
l.12 \pdfbookmark
                 {About This Book (... and About the Author)}{about}
The control sequence at the end of the top line
of your error message was never \def'ed. If you have
misspelled it (e.g., `\hobx'), type `I' and the correct
spelling (e.g., `I\hbox'). Otherwise just continue,
and I'll forget about whatever was undefined.

Missing character: There is no A in font nullfont!
Missing character: There is no b in font nullfont!
Missing character: There is no o in font nullfont!
Missing character: There is no u in font nullfont!
Missing character: There is no t in font nullfont!
Missing character: There is no T in font nullfont!
Missing character: There is no h in font nullfont!
Missing character: There is no i in font nullfont!
Missing character: There is no s in font nullfont!
Missing character: There is no B in font nullfont!
Missing character: There is no o in font nullfont!
Missing character: There is no o in font nullfont!
Missing character: There is no k in font nullfont!
Missing character: There is no ( in font nullfont!
Missing character: There is no . in font nullfont!
Missing character: There is no . in font nullfont!
Missing character: There is no . in font nullfont!
Missing character: There is no a in font nullfont!
Missing character: There is no n in font nullfont!
Missing character: There is no d in font nullfont!
Missing character: There is no A in font nullfont!
Missing character: There is no b in font nullfont!
Missing character: There is no o in font nullfont!
Missing character: There is no u in font nullfont!
Missing character: There is no t in font nullfont!
Missing character: There is no t in font nullfont!
Missing character: There is no h in font nullfont!
Missing character: There is no e in font nullfont!
Missing character: There is no A in font nullfont!
Missing character: There is no u in font nullfont!
Missing character: There is no t in font nullfont!
Missing character: There is no h in font nullfont!
Missing character: There is no o in font nullfont!
Missing character: There is no r in font nullfont!
Missing character: There is no ) in font nullfont!
Missing character: There is no a in font nullfont!
Missing character: There is no b in font nullfont!
Missing character: There is no o in font nullfont!
Missing character: There is no u in font nullfont!
Missing character: There is no t in font nullfont!

Overfull \hbox (20.0pt too wide) in paragraph at lines 11--13
[]
 []

! Undefined control sequence.
l.20 \paragraph
               {}
The control sequence at the end of the top line
of your error message was never \def'ed. If you have
misspelled it (e.g., `\hobx'), type `I' and the correct
spelling (e.g., `I\hbox'). Otherwise just continue,
and I'll forget about whatever was undefined.


! LaTeX Error: Unicode character ì´ (U+C774)
               not set up for use with LaTeX.

See the LaTeX manual or LaTeX Companion for explanation.
Type  H <return>  for immediate help.
 ...                                              
                                                  
l.21 ì´
         ì±…ì€ ì¡°ê¸ˆ íŠ¹ì´í•˜ë‹¤.  ë¹„íŠ¸ì½”ì¸ì€ ì•½ê°„ íŠ¹ì´í•œ ê¸°ìˆ...

You may provide a definition with
\DeclareUnicodeCharacter 


! LaTeX Error: Unicode character ì±… (U+CC45)
               not set up for use with LaTeX.

See the LaTeX manual or LaTeX Companion for explanation.
Type  H <return>  for immediate help.
 ...                                              
                                                  
l.21 ì´ ì±…
            ì€ ì¡°ê¸ˆ íŠ¹ì´í•˜ë‹¤.  ë¹„íŠ¸ì½”ì¸ì€ ì•½ê°„ íŠ¹ì´í•œ ê¸°ìˆ...

You may provide a definition with
\DeclareUnicodeCharacter 


! LaTeX Error: Unicode character ì€ (U+C740)
               not set up for use with LaTeX.

See the LaTeX manual or LaTeX Companion for explanation.
Type  H <return>  for immediate help.
 ...                                              
                                                  
l.21 ì´ ì±…ì€
                ì¡°ê¸ˆ íŠ¹ì´í•˜ë‹¤.  ë¹„íŠ¸ì½”ì¸ì€ ì•½ê°„ íŠ¹ì´í•œ ê¸°ìˆ...

You may provide a definition with
\DeclareUnicodeCharacter 


! LaTeX Error: Unicode character ì¡° (U+C870)
               not set up for use with LaTeX.

See the LaTeX manual or LaTeX Companion for explanation.
Type  H <return>  for immediate help.
 ...                                              
                                                  
l.21 ì´ ì±…ì€ ì¡°
                   ê¸ˆ íŠ¹ì´í•˜ë‹¤.  ë¹„íŠ¸ì½”ì¸ì€ ì•½ê°„ íŠ¹ì´í•œ ê¸°ìˆ...

You may provide a definition with
\DeclareUnicodeCharacter 


! LaTeX Error: Unicode character ê¸ˆ (U+AE08)
               not set up for use with LaTeX.

See the LaTeX manual or LaTeX Companion for explanation.
Type  H <return>  for immediate help.
 ...                                              
                                                  
l.21 ì´ ì±…ì€ ì¡°ê¸ˆ
                       íŠ¹ì´í•˜ë‹¤.  ë¹„íŠ¸ì½”ì¸ì€ ì•½ê°„ íŠ¹ì´í•œ ê¸°ìˆ...

You may provide a definition with
\DeclareUnicodeCharacter 


! LaTeX Error: Unicode character íŠ¹ (U+D2B9)
               not set up for use with LaTeX.

See the LaTeX manual or LaTeX Companion for explanation.
Type  H <return>  for immediate help.
 ...                                              
                                                  
l.21 ì´ ì±…ì€ ì¡°ê¸ˆ íŠ¹
                          ì´í•˜ë‹¤.  ë¹„íŠ¸ì½”ì¸ì€ ì•½ê°„ íŠ¹ì´í•œ ê¸°ìˆ...

You may provide a definition with
\DeclareUnicodeCharacter 


! LaTeX Error: Unicode character ì´ (U+C774)
               not set up for use with LaTeX.

See the LaTeX manual or LaTeX Companion for explanation.
Type  H <return>  for immediate help.
 ...                                              
                                                  
l.21 ì´ ì±…ì€ ì¡°ê¸ˆ íŠ¹ì´
                             í•˜ë‹¤.  ë¹„íŠ¸ì½”ì¸ì€ ì•½ê°„ íŠ¹ì´í•œ ê¸°ìˆ...

You may provide a definition with
\DeclareUnicodeCharacter 


! LaTeX Error: Unicode character í•˜ (U+D558)
               not set up for use with LaTeX.

See the LaTeX manual or LaTeX Companion for explanation.
Type  H <return>  for immediate help.
 ...                                              
                                                  
l.21 ì´ ì±…ì€ ì¡°ê¸ˆ íŠ¹ì´í•˜
                                ë‹¤.  ë¹„íŠ¸ì½”ì¸ì€ ì•½ê°„ íŠ¹ì´í•œ ê¸°ìˆ...

You may provide a definition with
\DeclareUnicodeCharacter 


! LaTeX Error: Unicode character ë‹¤ (U+B2E4)
               not set up for use with LaTeX.

See the LaTeX manual or LaTeX Companion for explanation.
Type  H <return>  for immediate help.
 ...                                              
                                                  
l.21 ì´ ì±…ì€ ì¡°ê¸ˆ íŠ¹ì´í•˜ë‹¤
                                   .  ë¹„íŠ¸ì½”ì¸ì€ ì•½ê°„ íŠ¹ì´í•œ ê¸°ìˆ...

You may provide a definition with
\DeclareUnicodeCharacter 


! LaTeX Error: Missing \begin{document}.

See the LaTeX manual or LaTeX Companion for explanation.
Type  H <return>  for immediate help.
 ...                                              
                                                  
l.21 ì´ ì±…ì€ ì¡°ê¸ˆ íŠ¹ì´í•˜ë‹¤.
                                      ë¹„íŠ¸ì½”ì¸ì€ ì•½ê°„ íŠ¹ì´í•œ ê¸°ìˆ...

You're in trouble here.  Try typing  <return>  to proceed.
If that doesn't work, type  X <return>  to quit.

Missing character: There is no . in font nullfont!

! LaTeX Error: Unicode character ë¹„ (U+BE44)
               not set up for use with LaTeX.

See the LaTeX manual or LaTeX Companion for explanation.
Type  H <return>  for immediate help.
 ...                                              
                                                  
l.21 ì´ ì±…ì€ ì¡°ê¸ˆ íŠ¹ì´í•˜ë‹¤.  ë¹„
                                         íŠ¸ì½”ì¸ì€ ì•½ê°„ íŠ¹ì´í•œ ê¸°ìˆ...

You may provide a definition with
\DeclareUnicodeCharacter 


! LaTeX Error: Unicode character íŠ¸ (U+D2B8)
               not set up for use with LaTeX.

See the LaTeX manual or LaTeX Companion for explanation.
Type  H <return>  for immediate help.
 ...                                              
                                                  
l.21 ì´ ì±…ì€ ì¡°ê¸ˆ íŠ¹ì´í•˜ë‹¤.  ë¹„íŠ¸
                                            ì½”ì¸ì€ ì•½ê°„ íŠ¹ì´í•œ ê¸°ìˆ...

You may provide a definition with
\DeclareUnicodeCharacter 


! LaTeX Error: Unicode character ì½” (U+CF54)
               not set up for use with LaTeX.

See the LaTeX manual or LaTeX Companion for explanation.
Type  H <return>  for immediate help.
 ...                                              
                                                  
l.21 ì´ ì±…ì€ ì¡°ê¸ˆ íŠ¹ì´í•˜ë‹¤.  ë¹„íŠ¸ì½”
                                               ì¸ì€ ì•½ê°„ íŠ¹ì´í•œ ê¸°ìˆ...

You may provide a definition with
\DeclareUnicodeCharacter 


! LaTeX Error: Unicode character ì¸ (U+C778)
               not set up for use with LaTeX.

See the LaTeX manual or LaTeX Companion for explanation.
Type  H <return>  for immediate help.
 ...                                              
                                                  
l.21 ì´ ì±…ì€ ì¡°ê¸ˆ íŠ¹ì´í•˜ë‹¤.  ë¹„íŠ¸ì½”ì¸
                                                  ì€ ì•½ê°„ íŠ¹ì´í•œ ê¸°ìˆ...

You may provide a definition with
\DeclareUnicodeCharacter 


! LaTeX Error: Unicode character ì€ (U+C740)
               not set up for use with LaTeX.

See the LaTeX manual or LaTeX Companion for explanation.
Type  H <return>  for immediate help.
 ...                                              
                                                  
l.21 ...…ì€ ì¡°ê¸ˆ íŠ¹ì´í•˜ë‹¤.  ë¹„íŠ¸ì½”ì¸ì€
                                                   ì•½ê°„ íŠ¹ì´í•œ ê¸°ìˆ ì...

You may provide a definition with
\DeclareUnicodeCharacter 


! LaTeX Error: Unicode character ì•½ (U+C57D)
               not set up for use with LaTeX.

See the LaTeX manual or LaTeX Companion for explanation.
Type  H <return>  for immediate help.
 ...                                              
                                                  
l.21 ... ì¡°ê¸ˆ íŠ¹ì´í•˜ë‹¤.  ë¹„íŠ¸ì½”ì¸ì€ ì•½
                                                  ê°„ íŠ¹ì´í•œ ê¸°ìˆ ì´ê¸°...

You may provide a definition with
\DeclareUnicodeCharacter 


! LaTeX Error: Unicode character ê°„ (U+AC04)
               not set up for use with LaTeX.

See the LaTeX manual or LaTeX Companion for explanation.
Type  H <return>  for immediate help.
 ...                                              
                                                  
l.21 ...°ê¸ˆ íŠ¹ì´í•˜ë‹¤.  ë¹„íŠ¸ì½”ì¸ì€ ì•½ê°„
                                                   íŠ¹ì´í•œ ê¸°ìˆ ì´ê¸° ë•...

You may provide a definition with
\DeclareUnicodeCharacter 


! LaTeX Error: Unicode character íŠ¹ (U+D2B9)
               not set up for use with LaTeX.

See the LaTeX manual or LaTeX Companion for explanation.
Type  H <return>  for immediate help.
 ...                                              
                                                  
l.21 ... íŠ¹ì´í•˜ë‹¤.  ë¹„íŠ¸ì½”ì¸ì€ ì•½ê°„ íŠ¹
                                                  ì´í•œ ê¸°ìˆ ì´ê¸° ë•Œë¬¸...

You may provide a definition with
\DeclareUnicodeCharacter 


! LaTeX Error: Unicode character ì´ (U+C774)
               not set up for use with LaTeX.

See the LaTeX manual or LaTeX Companion for explanation.
Type  H <return>  for immediate help.
 ...                                              
                                                  
l.21 ...¹ì´í•˜ë‹¤.  ë¹„íŠ¸ì½”ì¸ì€ ì•½ê°„ íŠ¹ì´
                                                  í•œ ê¸°ìˆ ì´ê¸° ë•Œë¬¸ì—...

You may provide a definition with
\DeclareUnicodeCharacter 


! LaTeX Error: Unicode character í•œ (U+D55C)
               not set up for use with LaTeX.

See the LaTeX manual or LaTeX Companion for explanation.
Type  H <return>  for immediate help.
 ...                                              
                                                  
l.21 ...´í•˜ë‹¤.  ë¹„íŠ¸ì½”ì¸ì€ ì•½ê°„ íŠ¹ì´í•œ
                                                   ê¸°ìˆ ì´ê¸° ë•Œë¬¸ì— ë¹...

You may provide a definition with
\DeclareUnicodeCharacter 


! LaTeX Error: Unicode character ê¸° (U+AE30)
               not set up for use with LaTeX.

See the LaTeX manual or LaTeX Companion for explanation.
Type  H <return>  for immediate help.
 ...                                              
                                                  
l.21 ...ë‹¤.  ë¹„íŠ¸ì½”ì¸ì€ ì•½ê°„ íŠ¹ì´í•œ ê¸°
                                                  ìˆ ì´ê¸° ë•Œë¬¸ì— ë¹„íŠ¸...

You may provide a definition with
\DeclareUnicodeCharacter 


! LaTeX Error: Unicode character ìˆ  (U+C220)
               not set up for use with LaTeX.

See the LaTeX manual or LaTeX Companion for explanation.
Type  H <return>  for immediate help.
 ...                                              
                                                  
l.21 ....  ë¹„íŠ¸ì½”ì¸ì€ ì•½ê°„ íŠ¹ì´í•œ ê¸°ìˆ 
                                                  ì´ê¸° ë•Œë¬¸ì— ë¹„íŠ¸ì½”...

You may provide a definition with
\DeclareUnicodeCharacter 


! LaTeX Error: Unicode character ì´ (U+C774)
               not set up for use with LaTeX.

See the LaTeX manual or LaTeX Companion for explanation.
Type  H <return>  for immediate help.
 ...                                              
                                                  
l.21 ...ë¹„íŠ¸ì½”ì¸ì€ ì•½ê°„ íŠ¹ì´í•œ ê¸°ìˆ ì´
                                                  ê¸° ë•Œë¬¸ì— ë¹„íŠ¸ì½”ì¸...

You may provide a definition with
\DeclareUnicodeCharacter 


! LaTeX Error: Unicode character ê¸° (U+AE30)
               not set up for use with LaTeX.

See the LaTeX manual or LaTeX Companion for explanation.
Type  H <return>  for immediate help.
 ...                                              
                                                  
l.21 ...íŠ¸ì½”ì¸ì€ ì•½ê°„ íŠ¹ì´í•œ ê¸°ìˆ ì´ê¸°
                                                   ë•Œë¬¸ì— ë¹„íŠ¸ì½”ì¸ì—...

You may provide a definition with
\DeclareUnicodeCharacter 


! LaTeX Error: Unicode character ë•Œ (U+B54C)
               not set up for use with LaTeX.

See the LaTeX manual or LaTeX Companion for explanation.
Type  H <return>  for immediate help.
 ...                                              
                                                  
l.21 ...½”ì¸ì€ ì•½ê°„ íŠ¹ì´í•œ ê¸°ìˆ ì´ê¸° ë•Œ
                                                  ë¬¸ì— ë¹„íŠ¸ì½”ì¸ì— ëŒ€...

You may provide a definition with
\DeclareUnicodeCharacter 


! LaTeX Error: Unicode character ë¬¸ (U+BB38)
               not set up for use with LaTeX.

See the LaTeX manual or LaTeX Companion for explanation.
Type  H <return>  for immediate help.
 ...                                              
                                                  
l.21 ...¸ì€ ì•½ê°„ íŠ¹ì´í•œ ê¸°ìˆ ì´ê¸° ë•Œë¬¸
                                                  ì— ë¹„íŠ¸ì½”ì¸ì— ëŒ€í•œ...

You may provide a definition with
\DeclareUnicodeCharacter 


! LaTeX Error: Unicode character ì— (U+C5D0)
               not set up for use with LaTeX.

See the LaTeX manual or LaTeX Companion for explanation.
Type  H <return>  for immediate help.
 ...                                              
                                                  
l.21 ...€ ì•½ê°„ íŠ¹ì´í•œ ê¸°ìˆ ì´ê¸° ë•Œë¬¸ì—
                                                   ë¹„íŠ¸ì½”ì¸ì— ëŒ€í•œ ì±...

You may provide a definition with
\DeclareUnicodeCharacter 


! LaTeX Error: Unicode character ë¹„ (U+BE44)
               not set up for use with LaTeX.

See the LaTeX manual or LaTeX Companion for explanation.
Type  H <return>  for immediate help.
 ...                                              
                                                  
l.21 ...•½ê°„ íŠ¹ì´í•œ ê¸°ìˆ ì´ê¸° ë•Œë¬¸ì— ë¹„
                                                  íŠ¸ì½”ì¸ì— ëŒ€í•œ ì±…ìœ¼...

You may provide a definition with
\DeclareUnicodeCharacter 


! LaTeX Error: Unicode character íŠ¸ (U+D2B8)
               not set up for use with LaTeX.

See the LaTeX manual or LaTeX Companion for explanation.
Type  H <return>  for immediate help.
 ...                                              
                                                  
l.21 ...°„ íŠ¹ì´í•œ ê¸°ìˆ ì´ê¸° ë•Œë¬¸ì— ë¹„íŠ¸
                                                  ì½”ì¸ì— ëŒ€í•œ ì±…ìœ¼ë¡ ...

You may provide a definition with
\DeclareUnicodeCharacter 


! LaTeX Error: Unicode character ì½” (U+CF54)
               not set up for use with LaTeX.

See the LaTeX manual or LaTeX Companion for explanation.
Type  H <return>  for immediate help.
 ...                                              
                                                  
l.21 ...íŠ¹ì´í•œ ê¸°ìˆ ì´ê¸° ë•Œë¬¸ì— ë¹„íŠ¸ì½”
                                                  ì¸ì— ëŒ€í•œ ì±…ìœ¼ë¡  íŠ...

You may provide a definition with
\DeclareUnicodeCharacter 


! LaTeX Error: Unicode character ì¸ (U+C778)
               not set up for use with LaTeX.

See the LaTeX manual or LaTeX Companion for explanation.
Type  H <return>  for immediate help.
 ...                                              
                                                  
l.21 ...ì´í•œ ê¸°ìˆ ì´ê¸° ë•Œë¬¸ì— ë¹„íŠ¸ì½”ì¸
                                                  ì— ëŒ€í•œ ì±…ìœ¼ë¡  íŠ¹ì...

You may provide a definition with
\DeclareUnicodeCharacter 


! LaTeX Error: Unicode character ì— (U+C5D0)
               not set up for use with LaTeX.

See the LaTeX manual or LaTeX Companion for explanation.
Type  H <return>  for immediate help.
 ...                                              
                                                  
l.21 ...í•œ ê¸°ìˆ ì´ê¸° ë•Œë¬¸ì— ë¹„íŠ¸ì½”ì¸ì—
                                                   ëŒ€í•œ ì±…ìœ¼ë¡  íŠ¹ì´í•...

You may provide a definition with
\DeclareUnicodeCharacter 


! LaTeX Error: Unicode character ëŒ€ (U+B300)
               not set up for use with LaTeX.

See the LaTeX manual or LaTeX Companion for explanation.
Type  H <return>  for immediate help.
 ...                                              
                                                  
l.21 ...ê¸°ìˆ ì´ê¸° ë•Œë¬¸ì— ë¹„íŠ¸ì½”ì¸ì— ëŒ€
                                                  í•œ ì±…ìœ¼ë¡  íŠ¹ì´í•œ ê²...

You may provide a definition with
\DeclareUnicodeCharacter 


! LaTeX Error: Unicode character í•œ (U+D55C)
               not set up for use with LaTeX.

See the LaTeX manual or LaTeX Companion for explanation.
Type  H <return>  for immediate help.
 ...                                              
                                                  
l.21 ...ìˆ ì´ê¸° ë•Œë¬¸ì— ë¹„íŠ¸ì½”ì¸ì— ëŒ€í•œ
                                                   ì±…ìœ¼ë¡  íŠ¹ì´í•œ ê²ƒì...

You may provide a definition with
\DeclareUnicodeCharacter 


! LaTeX Error: Unicode character ì±… (U+CC45)
               not set up for use with LaTeX.

See the LaTeX manual or LaTeX Companion for explanation.
Type  H <return>  for immediate help.
 ...                                              
                                                  
l.21 ...´ê¸° ë•Œë¬¸ì— ë¹„íŠ¸ì½”ì¸ì— ëŒ€í•œ ì±…
                                                  ìœ¼ë¡  íŠ¹ì´í•œ ê²ƒì´ ì ...

You may provide a definition with
\DeclareUnicodeCharacter 


! LaTeX Error: Unicode character ìœ¼ (U+C73C)
               not set up for use with LaTeX.

See the LaTeX manual or LaTeX Companion for explanation.
Type  H <return>  for immediate help.
 ...                                              
                                                  
l.21 ...¸° ë•Œë¬¸ì— ë¹„íŠ¸ì½”ì¸ì— ëŒ€í•œ ì±…ìœ¼
                                                  ë¡  íŠ¹ì´í•œ ê²ƒì´ ì í•...

You may provide a definition with
\DeclareUnicodeCharacter 


! LaTeX Error: Unicode character ë¡  (U+B860)
               not set up for use with LaTeX.

See the LaTeX manual or LaTeX Companion for explanation.
Type  H <return>  for immediate help.
 ...                                              
                                                  
l.21 ...ë•Œë¬¸ì— ë¹„íŠ¸ì½”ì¸ì— ëŒ€í•œ ì±…ìœ¼ë¡ 
                                                   íŠ¹ì´í•œ ê²ƒì´ ì í•©í•...

You may provide a definition with
\DeclareUnicodeCharacter 


! LaTeX Error: Unicode character íŠ¹ (U+D2B9)
               not set up for use with LaTeX.

See the LaTeX manual or LaTeX Companion for explanation.
Type  H <return>  for immediate help.
 ...                                              
                                                  
l.21 ...¬¸ì— ë¹„íŠ¸ì½”ì¸ì— ëŒ€í•œ ì±…ìœ¼ë¡  íŠ¹
                                                  ì´í•œ ê²ƒì´ ì í•©í•  ìˆ...

You may provide a definition with
\DeclareUnicodeCharacter 


! LaTeX Error: Unicode character ì´ (U+C774)
               not set up for use with LaTeX.

See the LaTeX manual or LaTeX Companion for explanation.
Type  H <return>  for immediate help.
 ...                                              
                                                  
l.21 ...— ë¹„íŠ¸ì½”ì¸ì— ëŒ€í•œ ì±…ìœ¼ë¡  íŠ¹ì´
                                                  í•œ ê²ƒì´ ì í•©í•  ìˆ˜ ì...

You may provide a definition with
\DeclareUnicodeCharacter 


! LaTeX Error: Unicode character í•œ (U+D55C)
               not set up for use with LaTeX.

See the LaTeX manual or LaTeX Companion for explanation.
Type  H <return>  for immediate help.
 ...                                              
                                                  
l.21 ...ë¹„íŠ¸ì½”ì¸ì— ëŒ€í•œ ì±…ìœ¼ë¡  íŠ¹ì´í•œ
                                                   ê²ƒì´ ì í•©í•  ìˆ˜ ìˆë...

You may provide a definition with
\DeclareUnicodeCharacter 


! LaTeX Error: Unicode character ê²ƒ (U+AC83)
               not set up for use with LaTeX.

See the LaTeX manual or LaTeX Companion for explanation.
Type  H <return>  for immediate help.
 ...                                              
                                                  
l.21 ...Š¸ì½”ì¸ì— ëŒ€í•œ ì±…ìœ¼ë¡  íŠ¹ì´í•œ ê²ƒ
                                                  ì´ ì í•©í•  ìˆ˜ ìˆë‹¤. ...

You may provide a definition with
\DeclareUnicodeCharacter 


! LaTeX Error: Unicode character ì´ (U+C774)
               not set up for use with LaTeX.

See the LaTeX manual or LaTeX Companion for explanation.
Type  H <return>  for immediate help.
 ...                                              
                                                  
l.21 ...½”ì¸ì— ëŒ€í•œ ì±…ìœ¼ë¡  íŠ¹ì´í•œ ê²ƒì´
                                                   ì í•©í•  ìˆ˜ ìˆë‹¤.  ë‚...

You may provide a definition with
\DeclareUnicodeCharacter 


! LaTeX Error: Unicode character ì  (U+C801)
               not set up for use with LaTeX.

See the LaTeX manual or LaTeX Companion for explanation.
Type  H <return>  for immediate help.
 ...                                              
                                                  
l.21 ...¸ì— ëŒ€í•œ ì±…ìœ¼ë¡  íŠ¹ì´í•œ ê²ƒì´ ì 
                                                  í•©í•  ìˆ˜ ìˆë‹¤.  ë‚´ê°€...

You may provide a definition with
\DeclareUnicodeCharacter 


! LaTeX Error: Unicode character í•© (U+D569)
               not set up for use with LaTeX.

See the LaTeX manual or LaTeX Companion for explanation.
Type  H <return>  for immediate help.
 ...                                              
                                                  
l.21 ... ëŒ€í•œ ì±…ìœ¼ë¡  íŠ¹ì´í•œ ê²ƒì´ ì í•©
                                                  í•  ìˆ˜ ìˆë‹¤.  ë‚´ê°€ íŠ...

You may provide a definition with
\DeclareUnicodeCharacter 


! LaTeX Error: Unicode character í•  (U+D560)
               not set up for use with LaTeX.

See the LaTeX manual or LaTeX Companion for explanation.
Type  H <return>  for immediate help.
 ...                                              
                                                  
l.21 ...Œ€í•œ ì±…ìœ¼ë¡  íŠ¹ì´í•œ ê²ƒì´ ì í•©í• 
                                                   ìˆ˜ ìˆë‹¤.  ë‚´ê°€ íŠ¹ì...

You may provide a definition with
\DeclareUnicodeCharacter 


! LaTeX Error: Unicode character ìˆ˜ (U+C218)
               not set up for use with LaTeX.

See the LaTeX manual or LaTeX Companion for explanation.
Type  H <return>  for immediate help.
 ...                                              
                                                  
l.21 ...œ ì±…ìœ¼ë¡  íŠ¹ì´í•œ ê²ƒì´ ì í•©í•  ìˆ˜
                                                   ìˆë‹¤.  ë‚´ê°€ íŠ¹ì´í•œ...

You may provide a definition with
\DeclareUnicodeCharacter 


! LaTeX Error: Unicode character ìˆ (U+C788)
               not set up for use with LaTeX.

See the LaTeX manual or LaTeX Companion for explanation.
Type  H <return>  for immediate help.
 ...                                              
                                                  
l.21 ...…ìœ¼ë¡  íŠ¹ì´í•œ ê²ƒì´ ì í•©í•  ìˆ˜ ìˆ
                                                  ë‹¤.  ë‚´ê°€ íŠ¹ì´í•œ ì‚¬...

You may provide a definition with
\DeclareUnicodeCharacter 


! LaTeX Error: Unicode character ë‹¤ (U+B2E4)
               not set up for use with LaTeX.

See the LaTeX manual or LaTeX Companion for explanation.
Type  H <return>  for immediate help.
 ...                                              
                                                  
l.21 ...¼ë¡  íŠ¹ì´í•œ ê²ƒì´ ì í•©í•  ìˆ˜ ìˆë‹¤
                                                  .  ë‚´ê°€ íŠ¹ì´í•œ ì‚¬ëŒ...

You may provide a definition with
\DeclareUnicodeCharacter 

Missing character: There is no . in font nullfont!

! LaTeX Error: Unicode character ë‚´ (U+B0B4)
               not set up for use with LaTeX.

See the LaTeX manual or LaTeX Companion for explanation.
Type  H <return>  for immediate help.
 ...                                              
                                                  
l.21 ...Š¹ì´í•œ ê²ƒì´ ì í•©í•  ìˆ˜ ìˆë‹¤.  ë‚´
                                                  ê°€ íŠ¹ì´í•œ ì‚¬ëŒì¸ì§„...

You may provide a definition with
\DeclareUnicodeCharacter 


! LaTeX Error: Unicode character ê°€ (U+AC00)
               not set up for use with LaTeX.

See the LaTeX manual or LaTeX Companion for explanation.
Type  H <return>  for immediate help.
 ...                                              
                                                  
l.21 ...´í•œ ê²ƒì´ ì í•©í•  ìˆ˜ ìˆë‹¤.  ë‚´ê°€
                                                   íŠ¹ì´í•œ ì‚¬ëŒì¸ì§„ ì...

You may provide a definition with
\DeclareUnicodeCharacter 


! LaTeX Error: Unicode character íŠ¹ (U+D2B9)
               not set up for use with LaTeX.

See the LaTeX manual or LaTeX Companion for explanation.
Type  H <return>  for immediate help.
 ...                                              
                                                  
l.21 ...œ ê²ƒì´ ì í•©í•  ìˆ˜ ìˆë‹¤.  ë‚´ê°€ íŠ¹
                                                  ì´í•œ ì‚¬ëŒì¸ì§„ ì˜ ëª...

You may provide a definition with
\DeclareUnicodeCharacter 


! LaTeX Error: Unicode character ì´ (U+C774)
               not set up for use with LaTeX.

See the LaTeX manual or LaTeX Companion for explanation.
Type  H <return>  for immediate help.
 ...                                              
                                                  
l.21 ...²ƒì´ ì í•©í•  ìˆ˜ ìˆë‹¤.  ë‚´ê°€ íŠ¹ì´
                                                  í•œ ì‚¬ëŒì¸ì§„ ì˜ ëª¨ë¥...

You may provide a definition with
\DeclareUnicodeCharacter 


! LaTeX Error: Unicode character í•œ (U+D55C)
               not set up for use with LaTeX.

See the LaTeX manual or LaTeX Companion for explanation.
Type  H <return>  for immediate help.
 ...                                              
                                                  
l.21 ...´ ì í•©í•  ìˆ˜ ìˆë‹¤.  ë‚´ê°€ íŠ¹ì´í•œ
                                                   ì‚¬ëŒì¸ì§„ ì˜ ëª¨ë¥´ê²...

You may provide a definition with
\DeclareUnicodeCharacter 


! LaTeX Error: Unicode character ì‚¬ (U+C0AC)
               not set up for use with LaTeX.

See the LaTeX manual or LaTeX Companion for explanation.
Type  H <return>  for immediate help.
 ...                                              
                                                  
l.21 ... í•©í•  ìˆ˜ ìˆë‹¤.  ë‚´ê°€ íŠ¹ì´í•œ ì‚¬
                                                  ëŒì¸ì§„ ì˜ ëª¨ë¥´ê² ì§€...

You may provide a definition with
\DeclareUnicodeCharacter 


! LaTeX Error: Unicode character ëŒ (U+B78C)
               not set up for use with LaTeX.

See the LaTeX manual or LaTeX Companion for explanation.
Type  H <return>  for immediate help.
 ...                                              
                                                  
l.21 ...•©í•  ìˆ˜ ìˆë‹¤.  ë‚´ê°€ íŠ¹ì´í•œ ì‚¬ëŒ
                                                  ì¸ì§„ ì˜ ëª¨ë¥´ê² ì§€ë§Œ...

You may provide a definition with
\DeclareUnicodeCharacter 


! LaTeX Error: Unicode character ì¸ (U+C778)
               not set up for use with LaTeX.

See the LaTeX manual or LaTeX Companion for explanation.
Type  H <return>  for immediate help.
 ...                                              
                                                  
l.21 ...•  ìˆ˜ ìˆë‹¤.  ë‚´ê°€ íŠ¹ì´í•œ ì‚¬ëŒì¸
                                                  ì§„ ì˜ ëª¨ë¥´ê² ì§€ë§Œ(ì ...

You may provide a definition with
\DeclareUnicodeCharacter 


! LaTeX Error: Unicode character ì§„ (U+C9C4)
               not set up for use with LaTeX.

See the LaTeX manual or LaTeX Companion for explanation.
Type  H <return>  for immediate help.
 ...                                              
                                                  
l.21 ...ìˆ˜ ìˆë‹¤.  ë‚´ê°€ íŠ¹ì´í•œ ì‚¬ëŒì¸ì§„
                                                   ì˜ ëª¨ë¥´ê² ì§€ë§Œ(ì „ ì...

You may provide a definition with
\DeclareUnicodeCharacter 


! LaTeX Error: Unicode character ì˜ (U+C798)
               not set up for use with LaTeX.

See the LaTeX manual or LaTeX Companion for explanation.
Type  H <return>  for immediate help.
 ...                                              
                                                  
l.21 ...ìˆë‹¤.  ë‚´ê°€ íŠ¹ì´í•œ ì‚¬ëŒì¸ì§„ ì˜
                                                   ëª¨ë¥´ê² ì§€ë§Œ(ì „ ì œê°...

You may provide a definition with
\DeclareUnicodeCharacter 


! LaTeX Error: Unicode character ëª¨ (U+BAA8)
               not set up for use with LaTeX.

See the LaTeX manual or LaTeX Companion for explanation.
Type  H <return>  for immediate help.
 ...                                              
                                                  
l.21 ...‹¤.  ë‚´ê°€ íŠ¹ì´í•œ ì‚¬ëŒì¸ì§„ ì˜ ëª¨
                                                  ë¥´ê² ì§€ë§Œ(ì „ ì œê°€ í...

You may provide a definition with
\DeclareUnicodeCharacter 


! LaTeX Error: Unicode character ë¥´ (U+B974)
               not set up for use with LaTeX.

See the LaTeX manual or LaTeX Companion for explanation.
Type  H <return>  for immediate help.
 ...                                              
                                                  
l.21 ...  ë‚´ê°€ íŠ¹ì´í•œ ì‚¬ëŒì¸ì§„ ì˜ ëª¨ë¥´
                                                  ê² ì§€ë§Œ(ì „ ì œê°€ í‰ë²...

You may provide a definition with
\DeclareUnicodeCharacter 


! LaTeX Error: Unicode character ê²  (U+ACA0)
               not set up for use with LaTeX.

See the LaTeX manual or LaTeX Companion for explanation.
Type  H <return>  for immediate help.
 ...                                              
                                                  
l.21 ...‚´ê°€ íŠ¹ì´í•œ ì‚¬ëŒì¸ì§„ ì˜ ëª¨ë¥´ê² 
                                                  ì§€ë§Œ(ì „ ì œê°€ í‰ë²”í•...

You may provide a definition with
\DeclareUnicodeCharacter 


! LaTeX Error: Unicode character ì§€ (U+C9C0)
               not set up for use with LaTeX.

See the LaTeX manual or LaTeX Companion for explanation.
Type  H <return>  for immediate help.
 ...                                              
                                                  
l.21 ...°€ íŠ¹ì´í•œ ì‚¬ëŒì¸ì§„ ì˜ ëª¨ë¥´ê² ì§€
                                                  ë§Œ(ì „ ì œê°€ í‰ë²”í•œ ì...

You may provide a definition with
\DeclareUnicodeCharacter 


! LaTeX Error: Unicode character ë§Œ (U+B9CC)
               not set up for use with LaTeX.

See the LaTeX manual or LaTeX Companion for explanation.
Type  H <return>  for immediate help.
 ...                                              
                                                  
l.21 ...íŠ¹ì´í•œ ì‚¬ëŒì¸ì§„ ì˜ ëª¨ë¥´ê² ì§€ë§Œ
                                                  (ì „ ì œê°€ í‰ë²”í•œ ì‚¬ë...

You may provide a definition with
\DeclareUnicodeCharacter 

Missing character: There is no ( in font nullfont!

! LaTeX Error: Unicode character ì „ (U+C804)
               not set up for use with LaTeX.

See the LaTeX manual or LaTeX Companion for explanation.
Type  H <return>  for immediate help.
 ...                                              
                                                  
l.21 ...´í•œ ì‚¬ëŒì¸ì§„ ì˜ ëª¨ë¥´ê² ì§€ë§Œ(ì „
                                                   ì œê°€ í‰ë²”í•œ ì‚¬ëŒì...

You may provide a definition with
\DeclareUnicodeCharacter 


! LaTeX Error: Unicode character ì œ (U+C81C)
               not set up for use with LaTeX.

See the LaTeX manual or LaTeX Companion for explanation.
Type  H <return>  for immediate help.
 ...                                              
                                                  
l.21 ...œ ì‚¬ëŒì¸ì§„ ì˜ ëª¨ë¥´ê² ì§€ë§Œ(ì „ ì œ
                                                  ê°€ í‰ë²”í•œ ì‚¬ëŒì´ë¼...

You may provide a definition with
\DeclareUnicodeCharacter 


! LaTeX Error: Unicode character ê°€ (U+AC00)
               not set up for use with LaTeX.

See the LaTeX manual or LaTeX Companion for explanation.
Type  H <return>  for immediate help.
 ...                                              
                                                  
l.21 ...‚¬ëŒì¸ì§„ ì˜ ëª¨ë¥´ê² ì§€ë§Œ(ì „ ì œê°€
                                                   í‰ë²”í•œ ì‚¬ëŒì´ë¼ê³ ...

You may provide a definition with
\DeclareUnicodeCharacter 


! LaTeX Error: Unicode character í‰ (U+D3C9)
               not set up for use with LaTeX.

See the LaTeX manual or LaTeX Companion for explanation.
Type  H <return>  for immediate help.
 ...                                              
                                                  
l.21 ...Œì¸ì§„ ì˜ ëª¨ë¥´ê² ì§€ë§Œ(ì „ ì œê°€ í‰
                                                  ë²”í•œ ì‚¬ëŒì´ë¼ê³  ìƒ...

You may provide a definition with
\DeclareUnicodeCharacter 


! LaTeX Error: Unicode character ë²” (U+BC94)
               not set up for use with LaTeX.

See the LaTeX manual or LaTeX Companion for explanation.
Type  H <return>  for immediate help.
 ...                                              
                                                  
l.21 ...¸ì§„ ì˜ ëª¨ë¥´ê² ì§€ë§Œ(ì „ ì œê°€ í‰ë²”
                                                  í•œ ì‚¬ëŒì´ë¼ê³  ìƒê°...

You may provide a definition with
\DeclareUnicodeCharacter 


! LaTeX Error: Unicode character í•œ (U+D55C)
               not set up for use with LaTeX.

See the LaTeX manual or LaTeX Companion for explanation.
Type  H <return>  for immediate help.
 ...                                              
                                                  
l.21 ...„ ì˜ ëª¨ë¥´ê² ì§€ë§Œ(ì „ ì œê°€ í‰ë²”í•œ
                                                   ì‚¬ëŒì´ë¼ê³  ìƒê°í•˜...

You may provide a definition with
\DeclareUnicodeCharacter 


! LaTeX Error: Unicode character ì‚¬ (U+C0AC)
               not set up for use with LaTeX.

See the LaTeX manual or LaTeX Companion for explanation.
Type  H <return>  for immediate help.
 ...                                              
                                                  
l.21 ...˜ ëª¨ë¥´ê² ì§€ë§Œ(ì „ ì œê°€ í‰ë²”í•œ ì‚¬
                                                  ëŒì´ë¼ê³  ìƒê°í•˜ê³  ...

You may provide a definition with
\DeclareUnicodeCharacter 


! LaTeX Error: Unicode character ëŒ (U+B78C)
               not set up for use with LaTeX.

See the LaTeX manual or LaTeX Companion for explanation.
Type  H <return>  for immediate help.
 ...                                              
                                                  
l.21 ...ª¨ë¥´ê² ì§€ë§Œ(ì „ ì œê°€ í‰ë²”í•œ ì‚¬ëŒ
                                                  ì´ë¼ê³  ìƒê°í•˜ê³  ì‹¶...

You may provide a definition with
\DeclareUnicodeCharacter 


! LaTeX Error: Unicode character ì´ (U+C774)
               not set up for use with LaTeX.

See the LaTeX manual or LaTeX Companion for explanation.
Type  H <return>  for immediate help.
 ...                                              
                                                  
l.21 ...¥´ê² ì§€ë§Œ(ì „ ì œê°€ í‰ë²”í•œ ì‚¬ëŒì´
                                                  ë¼ê³  ìƒê°í•˜ê³  ì‹¶ì–´...

You may provide a definition with
\DeclareUnicodeCharacter 


! LaTeX Error: Unicode character ë¼ (U+B77C)
               not set up for use with LaTeX.

See the LaTeX manual or LaTeX Companion for explanation.
Type  H <return>  for immediate help.
 ...                                              
                                                  
l.21 ...² ì§€ë§Œ(ì „ ì œê°€ í‰ë²”í•œ ì‚¬ëŒì´ë¼
                                                  ê³  ìƒê°í•˜ê³  ì‹¶ì–´ìš”...

You may provide a definition with
\DeclareUnicodeCharacter 


! LaTeX Error: Unicode character ê³  (U+ACE0)
               not set up for use with LaTeX.

See the LaTeX manual or LaTeX Companion for explanation.
Type  H <return>  for immediate help.
 ...                                              
                                                  
l.21 ...§€ë§Œ(ì „ ì œê°€ í‰ë²”í•œ ì‚¬ëŒì´ë¼ê³ 
                                                   ìƒê°í•˜ê³  ì‹¶ì–´ìš”.) ...

You may provide a definition with
\DeclareUnicodeCharacter 


! LaTeX Error: Unicode character ìƒ (U+C0DD)
               not set up for use with LaTeX.

See the LaTeX manual or LaTeX Companion for explanation.
Type  H <return>  for immediate help.
 ...                                              
                                                  
l.21 ...Œ(ì „ ì œê°€ í‰ë²”í•œ ì‚¬ëŒì´ë¼ê³  ìƒ
                                                  ê°í•˜ê³  ì‹¶ì–´ìš”.) ì´ ...

You may provide a definition with
\DeclareUnicodeCharacter 


! LaTeX Error: Unicode character ê° (U+AC01)
               not set up for use with LaTeX.

See the LaTeX manual or LaTeX Companion for explanation.
Type  H <return>  for immediate help.
 ...                                              
                                                  
l.21 ... „ ì œê°€ í‰ë²”í•œ ì‚¬ëŒì´ë¼ê³  ìƒê°
                                                  í•˜ê³  ì‹¶ì–´ìš”.) ì´ ì±…...

You may provide a definition with
\DeclareUnicodeCharacter 


! LaTeX Error: Unicode character í•˜ (U+D558)
               not set up for use with LaTeX.

See the LaTeX manual or LaTeX Companion for explanation.
Type  H <return>  for immediate help.
 ...                                              
                                                  
l.21 ...ì œê°€ í‰ë²”í•œ ì‚¬ëŒì´ë¼ê³  ìƒê°í•˜
                                                  ê³  ì‹¶ì–´ìš”.) ì´ ì±…ì´...

You may provide a definition with
\DeclareUnicodeCharacter 


! LaTeX Error: Unicode character ê³  (U+ACE0)
               not set up for use with LaTeX.

See the LaTeX manual or LaTeX Companion for explanation.
Type  H <return>  for immediate help.
 ...                                              
                                                  
l.21 ...ê°€ í‰ë²”í•œ ì‚¬ëŒì´ë¼ê³  ìƒê°í•˜ê³ 
                                                   ì‹¶ì–´ìš”.) ì´ ì±…ì´ ì–...

You may provide a definition with
\DeclareUnicodeCharacter 


! LaTeX Error: Unicode character ì‹¶ (U+C2F6)
               not set up for use with LaTeX.

See the LaTeX manual or LaTeX Companion for explanation.
Type  H <return>  for immediate help.
 ...                                              
                                                  
l.21 ...í‰ë²”í•œ ì‚¬ëŒì´ë¼ê³  ìƒê°í•˜ê³  ì‹¶
                                                  ì–´ìš”.) ì´ ì±…ì´ ì–´ë–»...

You may provide a definition with
\DeclareUnicodeCharacter 


! LaTeX Error: Unicode character ì–´ (U+C5B4)
               not set up for use with LaTeX.

See the LaTeX manual or LaTeX Companion for explanation.
Type  H <return>  for immediate help.
 ...                                              
                                                  
l.21 ...ë²”í•œ ì‚¬ëŒì´ë¼ê³  ìƒê°í•˜ê³  ì‹¶ì–´
                                                  ìš”.) ì´ ì±…ì´ ì–´ë–»ê²Œ...

You may provide a definition with
\DeclareUnicodeCharacter 


! LaTeX Error: Unicode character ìš” (U+C694)
               not set up for use with LaTeX.

See the LaTeX manual or LaTeX Companion for explanation.
Type  H <return>  for immediate help.
 ...                                              
                                                  
l.21 ...í•œ ì‚¬ëŒì´ë¼ê³  ìƒê°í•˜ê³  ì‹¶ì–´ìš”
                                                  .) ì´ ì±…ì´ ì–´ë–»ê²Œ íƒ...

You may provide a definition with
\DeclareUnicodeCharacter 

Missing character: There is no . in font nullfont!
Missing character: There is no ) in font nullfont!

! LaTeX Error: Unicode character ì´ (U+C774)
               not set up for use with LaTeX.

See the LaTeX manual or LaTeX Companion for explanation.
Type  H <return>  for immediate help.
 ...                                              
                                                  
l.21 ...¬ëŒì´ë¼ê³  ìƒê°í•˜ê³  ì‹¶ì–´ìš”.) ì´
                                                   ì±…ì´ ì–´ë–»ê²Œ íƒ„ìƒí•...

You may provide a definition with
\DeclareUnicodeCharacter 


! LaTeX Error: Unicode character ì±… (U+CC45)
               not set up for use with LaTeX.

See the LaTeX manual or LaTeX Companion for explanation.
Type  H <return>  for immediate help.
 ...                                              
                                                  
l.21 ...ì´ë¼ê³  ìƒê°í•˜ê³  ì‹¶ì–´ìš”.) ì´ ì±…
                                                  ì´ ì–´ë–»ê²Œ íƒ„ìƒí•˜ê²Œ...

You may provide a definition with
\DeclareUnicodeCharacter 


! LaTeX Error: Unicode character ì´ (U+C774)
               not set up for use with LaTeX.

See the LaTeX manual or LaTeX Companion for explanation.
Type  H <return>  for immediate help.
 ...                                              
                                                  
l.21 ...ë¼ê³  ìƒê°í•˜ê³  ì‹¶ì–´ìš”.) ì´ ì±…ì´
                                                   ì–´ë–»ê²Œ íƒ„ìƒí•˜ê²Œ ë...

You may provide a definition with
\DeclareUnicodeCharacter 


! LaTeX Error: Unicode character ì–´ (U+C5B4)
               not set up for use with LaTeX.

See the LaTeX manual or LaTeX Companion for explanation.
Type  H <return>  for immediate help.
 ...                                              
                                                  
l.21 ...³  ìƒê°í•˜ê³  ì‹¶ì–´ìš”.) ì´ ì±…ì´ ì–´
                                                  ë–»ê²Œ íƒ„ìƒí•˜ê²Œ ëëŠ”...

You may provide a definition with
\DeclareUnicodeCharacter 


! LaTeX Error: Unicode character ë–» (U+B5BB)
               not set up for use with LaTeX.

See the LaTeX manual or LaTeX Companion for explanation.
Type  H <return>  for immediate help.
 ...                                              
                                                  
l.21 ...ìƒê°í•˜ê³  ì‹¶ì–´ìš”.) ì´ ì±…ì´ ì–´ë–»
                                                  ê²Œ íƒ„ìƒí•˜ê²Œ ëëŠ”ì§€...

You may provide a definition with
\DeclareUnicodeCharacter 


! LaTeX Error: Unicode character ê²Œ (U+AC8C)
               not set up for use with LaTeX.

See the LaTeX manual or LaTeX Companion for explanation.
Type  H <return>  for immediate help.
 ...                                              
                                                  
l.21 ...ê°í•˜ê³  ì‹¶ì–´ìš”.) ì´ ì±…ì´ ì–´ë–»ê²Œ
                                                   íƒ„ìƒí•˜ê²Œ ëëŠ”ì§€, ê...

You may provide a definition with
\DeclareUnicodeCharacter 


! LaTeX Error: Unicode character íƒ„ (U+D0C4)
               not set up for use with LaTeX.

See the LaTeX manual or LaTeX Companion for explanation.
Type  H <return>  for immediate help.
 ...                                              
                                                  
l.21 ...•˜ê³  ì‹¶ì–´ìš”.) ì´ ì±…ì´ ì–´ë–»ê²Œ íƒ„
                                                  ìƒí•˜ê²Œ ëëŠ”ì§€, ê·¸ë¦...

You may provide a definition with
\DeclareUnicodeCharacter 


! LaTeX Error: Unicode character ìƒ (U+C0DD)
               not set up for use with LaTeX.

See the LaTeX manual or LaTeX Companion for explanation.
Type  H <return>  for immediate help.
 ...                                              
                                                  
l.21 ...³  ì‹¶ì–´ìš”.) ì´ ì±…ì´ ì–´ë–»ê²Œ íƒ„ìƒ
                                                  í•˜ê²Œ ëëŠ”ì§€, ê·¸ë¦¬ê³...

You may provide a definition with
\DeclareUnicodeCharacter 


! LaTeX Error: Unicode character í•˜ (U+D558)
               not set up for use with LaTeX.

See the LaTeX manual or LaTeX Companion for explanation.
Type  H <return>  for immediate help.
 ...                                              
                                                  
l.21 ...ì‹¶ì–´ìš”.) ì´ ì±…ì´ ì–´ë–»ê²Œ íƒ„ìƒí•˜
                                                  ê²Œ ëëŠ”ì§€, ê·¸ë¦¬ê³  ì...

You may provide a definition with
\DeclareUnicodeCharacter 


! LaTeX Error: Unicode character ê²Œ (U+AC8C)
               not set up for use with LaTeX.

See the LaTeX manual or LaTeX Companion for explanation.
Type  H <return>  for immediate help.
 ...                                              
                                                  
l.21 ...ì–´ìš”.) ì´ ì±…ì´ ì–´ë–»ê²Œ íƒ„ìƒí•˜ê²Œ
                                                   ëëŠ”ì§€, ê·¸ë¦¬ê³  ì™œ ...

You may provide a definition with
\DeclareUnicodeCharacter 


! LaTeX Error: Unicode character ë (U+B410)
               not set up for use with LaTeX.

See the LaTeX manual or LaTeX Companion for explanation.
Type  H <return>  for immediate help.
 ...                                              
                                                  
l.21 ...š”.) ì´ ì±…ì´ ì–´ë–»ê²Œ íƒ„ìƒí•˜ê²Œ ë
                                                  ëŠ”ì§€, ê·¸ë¦¬ê³  ì™œ ë‚´ê...

You may provide a definition with
\DeclareUnicodeCharacter 


! LaTeX Error: Unicode character ëŠ” (U+B294)
               not set up for use with LaTeX.

See the LaTeX manual or LaTeX Companion for explanation.
Type  H <return>  for immediate help.
 ...                                              
                                                  
l.21 ...) ì´ ì±…ì´ ì–´ë–»ê²Œ íƒ„ìƒí•˜ê²Œ ëëŠ”
                                                  ì§€, ê·¸ë¦¬ê³  ì™œ ë‚´ê°€ ...

You may provide a definition with
\DeclareUnicodeCharacter 


! LaTeX Error: Unicode character ì§€ (U+C9C0)
               not set up for use with LaTeX.

See the LaTeX manual or LaTeX Companion for explanation.
Type  H <return>  for immediate help.
 ...                                              
                                                  
l.21 ...´ ì±…ì´ ì–´ë–»ê²Œ íƒ„ìƒí•˜ê²Œ ëëŠ”ì§€
                                                  , ê·¸ë¦¬ê³  ì™œ ë‚´ê°€ ì‘...

You may provide a definition with
\DeclareUnicodeCharacter 

Missing character: There is no , in font nullfont!

! LaTeX Error: Unicode character ê·¸ (U+ADF8)
               not set up for use with LaTeX.

See the LaTeX manual or LaTeX Companion for explanation.
Type  H <return>  for immediate help.
 ...                                              
                                                  
l.21 ...…ì´ ì–´ë–»ê²Œ íƒ„ìƒí•˜ê²Œ ëëŠ”ì§€, ê·¸
                                                  ë¦¬ê³  ì™œ ë‚´ê°€ ì‘ê°€ê°...

You may provide a definition with
\DeclareUnicodeCharacter 


! LaTeX Error: Unicode character ë¦¬ (U+B9AC)
               not set up for use with LaTeX.

See the LaTeX manual or LaTeX Companion for explanation.
Type  H <return>  for immediate help.
 ...                                              
                                                  
l.21 ...´ ì–´ë–»ê²Œ íƒ„ìƒí•˜ê²Œ ëëŠ”ì§€, ê·¸ë¦¬
                                                  ê³  ì™œ ë‚´ê°€ ì‘ê°€ê°€ ë...

You may provide a definition with
\DeclareUnicodeCharacter 


! LaTeX Error: Unicode character ê³  (U+ACE0)
               not set up for use with LaTeX.

See the LaTeX manual or LaTeX Companion for explanation.
Type  H <return>  for immediate help.
 ...                                              
                                                  
l.21 ...–´ë–»ê²Œ íƒ„ìƒí•˜ê²Œ ëëŠ”ì§€, ê·¸ë¦¬ê³ 
                                                   ì™œ ë‚´ê°€ ì‘ê°€ê°€ ë˜ì...

You may provide a definition with
\DeclareUnicodeCharacter 


! LaTeX Error: Unicode character ì™œ (U+C65C)
               not set up for use with LaTeX.

See the LaTeX manual or LaTeX Companion for explanation.
Type  H <return>  for immediate help.
 ...                                              
                                                  
l.21 ...»ê²Œ íƒ„ìƒí•˜ê²Œ ëëŠ”ì§€, ê·¸ë¦¬ê³  ì™œ
                                                   ë‚´ê°€ ì‘ê°€ê°€ ë˜ì—ˆëŠ...

You may provide a definition with
\DeclareUnicodeCharacter 


! LaTeX Error: Unicode character ë‚´ (U+B0B4)
               not set up for use with LaTeX.

See the LaTeX manual or LaTeX Companion for explanation.
Type  H <return>  for immediate help.
 ...                                              
                                                  
l.21 ... íƒ„ìƒí•˜ê²Œ ëëŠ”ì§€, ê·¸ë¦¬ê³  ì™œ ë‚´
                                                  ê°€ ì‘ê°€ê°€ ë˜ì—ˆëŠ”ì§€...

You may provide a definition with
\DeclareUnicodeCharacter 


! LaTeX Error: Unicode character ê°€ (U+AC00)
               not set up for use with LaTeX.

See the LaTeX manual or LaTeX Companion for explanation.
Type  H <return>  for immediate help.
 ...                                              
                                                  
l.21 ...„ìƒí•˜ê²Œ ëëŠ”ì§€, ê·¸ë¦¬ê³  ì™œ ë‚´ê°€
                                                   ì‘ê°€ê°€ ë˜ì—ˆëŠ”ì§€ ì...

You may provide a definition with
\DeclareUnicodeCharacter 


! LaTeX Error: Unicode character ì‘ (U+C791)
               not set up for use with LaTeX.

See the LaTeX manual or LaTeX Companion for explanation.
Type  H <return>  for immediate help.
 ...                                              
                                                  
l.21 ...í•˜ê²Œ ëëŠ”ì§€, ê·¸ë¦¬ê³  ì™œ ë‚´ê°€ ì‘
                                                  ê°€ê°€ ë˜ì—ˆëŠ”ì§€ ì´ì•¼...

You may provide a definition with
\DeclareUnicodeCharacter 


! LaTeX Error: Unicode character ê°€ (U+AC00)
               not set up for use with LaTeX.

See the LaTeX manual or LaTeX Companion for explanation.
Type  H <return>  for immediate help.
 ...                                              
                                                  
l.21 ...ê²Œ ëëŠ”ì§€, ê·¸ë¦¬ê³  ì™œ ë‚´ê°€ ì‘ê°€
                                                  ê°€ ë˜ì—ˆëŠ”ì§€ ì´ì•¼ê¸°...

You may provide a definition with
\DeclareUnicodeCharacter 


! LaTeX Error: Unicode character ê°€ (U+AC00)
               not set up for use with LaTeX.

See the LaTeX manual or LaTeX Companion for explanation.
Type  H <return>  for immediate help.
 ...                                              
                                                  
l.21 ... ëëŠ”ì§€, ê·¸ë¦¬ê³  ì™œ ë‚´ê°€ ì‘ê°€ê°€
                                                   ë˜ì—ˆëŠ”ì§€ ì´ì•¼ê¸°í•˜...

You may provide a definition with
\DeclareUnicodeCharacter 


! LaTeX Error: Unicode character ë˜ (U+B418)
               not set up for use with LaTeX.

See the LaTeX manual or LaTeX Companion for explanation.
Type  H <return>  for immediate help.
 ...                                              
                                                  
l.21 ...ëŠ”ì§€, ê·¸ë¦¬ê³  ì™œ ë‚´ê°€ ì‘ê°€ê°€ ë˜
                                                  ì—ˆëŠ”ì§€ ì´ì•¼ê¸°í•˜ëŠ” ...

You may provide a definition with
\DeclareUnicodeCharacter 


! LaTeX Error: Unicode character ì—ˆ (U+C5C8)
               not set up for use with LaTeX.

See the LaTeX manual or LaTeX Companion for explanation.
Type  H <return>  for immediate help.
 ...                                              
                                                  
l.21 ...ì§€, ê·¸ë¦¬ê³  ì™œ ë‚´ê°€ ì‘ê°€ê°€ ë˜ì—ˆ
                                                  ëŠ”ì§€ ì´ì•¼ê¸°í•˜ëŠ” ê²ƒ...

You may provide a definition with
\DeclareUnicodeCharacter 


! LaTeX Error: Unicode character ëŠ” (U+B294)
               not set up for use with LaTeX.

See the LaTeX manual or LaTeX Companion for explanation.
Type  H <return>  for immediate help.
 ...                                              
                                                  
l.21 ..., ê·¸ë¦¬ê³  ì™œ ë‚´ê°€ ì‘ê°€ê°€ ë˜ì—ˆëŠ”
                                                  ì§€ ì´ì•¼ê¸°í•˜ëŠ” ê²ƒì€...

You may provide a definition with
\DeclareUnicodeCharacter 


! LaTeX Error: Unicode character ì§€ (U+C9C0)
               not set up for use with LaTeX.

See the LaTeX manual or LaTeX Companion for explanation.
Type  H <return>  for immediate help.
 ...                                              
                                                  
l.21 ...·¸ë¦¬ê³  ì™œ ë‚´ê°€ ì‘ê°€ê°€ ë˜ì—ˆëŠ”ì§€
                                                   ì´ì•¼ê¸°í•˜ëŠ” ê²ƒì€ ê°...

You may provide a definition with
\DeclareUnicodeCharacter 


! LaTeX Error: Unicode character ì´ (U+C774)
               not set up for use with LaTeX.

See the LaTeX manual or LaTeX Companion for explanation.
Type  H <return>  for immediate help.
 ...                                              
                                                  
l.21 ...¬ê³  ì™œ ë‚´ê°€ ì‘ê°€ê°€ ë˜ì—ˆëŠ”ì§€ ì´
                                                  ì•¼ê¸°í•˜ëŠ” ê²ƒì€ ê°€ì¹˜...

You may provide a definition with
\DeclareUnicodeCharacter 


! LaTeX Error: Unicode character ì•¼ (U+C57C)
               not set up for use with LaTeX.

See the LaTeX manual or LaTeX Companion for explanation.
Type  H <return>  for immediate help.
 ...                                              
                                                  
l.21 ...  ì™œ ë‚´ê°€ ì‘ê°€ê°€ ë˜ì—ˆëŠ”ì§€ ì´ì•¼
                                                  ê¸°í•˜ëŠ” ê²ƒì€ ê°€ì¹˜ìˆ...
(That makes 100 errors; please try again.) 
Here is how much of TeX's memory you used:
 84 strings out of 476025
 963 string characters out of 5790017
 1849388 words of memory out of 5000000
 20636 multiletter control sequences out of 15000+600000
 512287 words of font info for 32 fonts, out of 8000000 for 9000
 1141 hyphenation exceptions out of 8191
 13i,0n,12p,457b,39s stack positions out of 10000i,1000n,20000p,200000b,200000s

!  ==> Fatal error occurred, no output PDF file produced!
